2026-02-21 04:26:35,123 - INFO - Recalculated metal mass: Перерасчет массы металлов: жидких проб: 134, твердых проб: 192, полей mX_AES: 4564, полей mX_MS: 7498. Созданы поля AES: mAl_AES, mCa_AES, mCd_AES, mCo_AES, mCu_AES, mFe_AES, mMg_AES, mMn_AES, mNi_AES, mPb_AES, mS_AES, mSc_AES, mSi_AES, mZn_AES. Созданы поля MS: mAg_MS, mAl_MS, mAu_MS, mCa_MS, mCd_MS, mCl_MS, mCo_MS, mCu_MS, mFe_MS, mHg_MS, mIr_MS, mK_MS, mMn_MS, mMo_MS, mNi_MS, mOs_MS, mPb_MS, mPd_MS, mPt_MS, mRh_MS, mRu_MS, mS_MS, mZn_MS
2026-02-21 04:26:36,685 - INFO - Recalculated dependent fields: Пересчет зависимых полей: обновлена 'Масса твердого (g)' у 938 проб, обновлена 'Плотность' у 365 проб
2026-02-21 04:26:38,045 - INFO - Formatted numeric values: Отформатировано 176849 числовых значений в 942 пробах до 4 знаков
2026-03-03 12:21:05,183 - INFO - Recalculated metal mass: Перерасчет массы металлов: жидких проб: 134, твердых проб: 192, полей mX_AES: 4564, полей mX_MS: 7498. Созданы поля AES: mAl_AES, mCa_AES, mCd_AES, mCo_AES, mCu_AES, mFe_AES, mMg_AES, mMn_AES, mNi_AES, mPb_AES, mS_AES, mSc_AES, mSi_AES, mZn_AES. Созданы поля MS: mAg_MS, mAl_MS, mAu_MS, mCa_MS, mCd_MS, mCl_MS, mCo_MS, mCu_MS, mFe_MS, mHg_MS, mIr_MS, mK_MS, mMn_MS, mMo_MS, mNi_MS, mOs_MS, mPb_MS, mPd_MS, mPt_MS, mRh_MS, mRu_MS, mS_MS, mZn_MS
2026-03-03 12:21:06,351 - INFO - Recalculated dependent fields: Пересчет зависимых полей: обновлена 'Масса твердого (g)' у 938 проб, обновлена 'Плотность' у 365 проб
2026-03-03 12:21:07,398 - INFO - Formatted numeric values: Отформатировано 176849 числовых значений в 942 пробах до 4 знаков
2026-03-03 12:22:55,026 - INFO - Normalized 353 probe IDs: Обновлено 353 ID проб
2026-03-03 12:22:55,676 - INFO - Normalized structure: added 1788 fields
2026-03-03 12:22:57,390 - INFO - Recalculated metal mass: Перерасчет массы металлов: жидких проб: 164, твердых проб: 236, полей mX_AES: 5600, полей mX_MS: 9200. Созданы поля AES: mAl_AES, mCa_AES, mCd_AES, mCo_AES, mCu_AES, mFe_AES, mMg_AES, mMn_AES, mNi_AES, mPb_AES, mS_AES, mSc_AES, mSi_AES, mZn_AES. Созданы поля MS: mAg_MS, mAl_MS, mAu_MS, mCa_MS, mCd_MS, mCl_MS, mCo_MS, mCu_MS, mFe_MS, mHg_MS, mIr_MS, mK_MS, mMn_MS, mMo_MS, mNi_MS, mOs_MS, mPb_MS, mPd_MS, mPt_MS, mRh_MS, mRu_MS, mS_MS, mZn_MS
2026-03-03 12:22:59,356 - INFO - Recalculated dependent fields: Пересчет зависимых полей: обновлена 'Масса твердого (g)' у 1236 проб, обновлена 'Плотность' у 437 проб
2026-03-06 13:52:46,386 - INFO - Recalculated metal mass: Перерасчет массы металлов: жидких проб: 170, твердых проб: 238, полей mX_AES: 5712, полей mX_MS: 9384. Созданы поля AES: mAl_AES, mCa_AES, mCd_AES, mCo_AES, mCu_AES, mFe_AES, mMg_AES, mMn_AES, mNi_AES, mPb_AES, mS_AES, mSc_AES, mSi_AES, mZn_AES. Созданы поля MS: mAg_MS, mAl_MS, mAu_MS, mCa_MS, mCd_MS, mCl_MS, mCo_MS, mCu_MS, mFe_MS, mHg_MS, mIr_MS, mK_MS, mMn_MS, mMo_MS, mNi_MS, mOs_MS, mPb_MS, mPd_MS, mPt_MS, mRh_MS, mRu_MS, mS_MS, mZn_MS
2026-03-06 13:52:48,078 - INFO - Recalculated dependent fields: Пересчет зависимых полей: обновлена 'Масса твердого (g)' у 1235 проб, обновлена 'Плотность' у 443 проб
2026-03-06 13:52:49,414 - INFO - Formatted numeric values: Отформатировано 233014 числовых значений в 1239 пробах до 4 знаков
2026-03-06 13:52:59,042 - INFO - Recalculated metal mass: Перерасчет массы металлов: жидких проб: 170, твердых проб: 238, полей mX_AES: 5712, полей mX_MS: 9384. Созданы поля AES: mAl_AES, mCa_AES, mCd_AES, mCo_AES, mCu_AES, mFe_AES, mMg_AES, mMn_AES, mNi_AES, mPb_AES, mS_AES, mSc_AES, mSi_AES, mZn_AES. Созданы поля MS: mAg_MS, mAl_MS, mAu_MS, mCa_MS, mCd_MS, mCl_MS, mCo_MS, mCu_MS, mFe_MS, mHg_MS, mIr_MS, mK_MS, mMn_MS, mMo_MS, mNi_MS, mOs_MS, mPb_MS, mPd_MS, mPt_MS, mRh_MS, mRu_MS, mS_MS, mZn_MS
2026-03-06 13:53:00,685 - INFO - Recalculated dependent fields: Пересчет зависимых полей: обновлена 'Масса твердого (g)' у 1235 проб, обновлена 'Плотность' у 443 проб
2026-03-06 13:53:02,806 - INFO - Recalculated metal mass: Перерасчет массы металлов: жидких проб: 170, твердых проб: 238, полей mX_AES: 5712, полей mX_MS: 9384. Созданы поля AES: mAl_AES, mCa_AES, mCd_AES, mCo_AES, mCu_AES, mFe_AES, mMg_AES, mMn_AES, mNi_AES, mPb_AES, mS_AES, mSc_AES, mSi_AES, mZn_AES. Созданы поля MS: mAg_MS, mAl_MS, mAu_MS, mCa_MS, mCd_MS, mCl_MS, mCo_MS, mCu_MS, mFe_MS, mHg_MS, mIr_MS, mK_MS, mMn_MS, mMo_MS, mNi_MS, mOs_MS, mPb_MS, mPd_MS, mPt_MS, mRh_MS, mRu_MS, mS_MS, mZn_MS
2026-03-06 13:53:04,330 - INFO - Recalculated dependent fields: Пересчет зависимых полей: обновлена 'Масса твердого (g)' у 1235 проб, обновлена 'Плотность' у 443 проб
2026-03-06 13:55:49,059 - INFO - Recalculated metal mass: Перерасчет массы металлов: жидких проб: 170, твердых проб: 238, полей mX_AES: 5712, полей mX_MS: 9384. Созданы поля AES: mAl_AES, mCa_AES, mCd_AES, mCo_AES, mCu_AES, mFe_AES, mMg_AES, mMn_AES, mNi_AES, mPb_AES, mS_AES, mSc_AES, mSi_AES, mZn_AES. Созданы поля MS: mAg_MS, mAl_MS, mAu_MS, mCa_MS, mCd_MS, mCl_MS, mCo_MS, mCu_MS, mFe_MS, mHg_MS, mIr_MS, mK_MS, mMn_MS, mMo_MS, mNi_MS, mOs_MS, mPb_MS, mPd_MS, mPt_MS, mRh_MS, mRu_MS, mS_MS, mZn_MS
2026-03-06 13:55:50,620 - INFO - Recalculated dependent fields: Пересчет зависимых полей: обновлена 'Масса твердого (g)' у 1235 проб, обновлена 'Плотность' у 443 проб
2026-03-09 16:47:17,794 - INFO - Recalculated metal mass: Перерасчет массы металлов: жидких проб: 170, твердых проб: 238, полей mX_AES: 5712, полей mX_MS: 9384. Созданы поля AES: mAl_AES, mCa_AES, mCd_AES, mCo_AES, mCu_AES, mFe_AES, mMg_AES, mMn_AES, mNi_AES, mPb_AES, mS_AES, mSc_AES, mSi_AES, mZn_AES. Созданы поля MS: mAg_MS, mAl_MS, mAu_MS, mCa_MS, mCd_MS, mCl_MS, mCo_MS, mCu_MS, mFe_MS, mHg_MS, mIr_MS, mK_MS, mMn_MS, mMo_MS, mNi_MS, mOs_MS, mPb_MS, mPd_MS, mPt_MS, mRh_MS, mRu_MS, mS_MS, mZn_MS
2026-03-09 16:47:19,431 - INFO - Recalculated dependent fields: Пересчет зависимых полей: обновлена 'Масса твердого (g)' у 1235 проб, обновлена 'Плотность' у 443 проб
2026-03-09 16:47:20,815 - INFO - Formatted numeric values: Отформатировано 233014 числовых значений в 1239 пробах до 4 знаков
2026-03-10 14:59:31,557 - INFO - Recalculated metal mass: Перерасчет массы металлов: жидких проб: 170, твердых проб: 238, полей mX_AES: 5712, полей mX_MS: 9384. Созданы поля AES: mAl_AES, mCa_AES, mCd_AES, mCo_AES, mCu_AES, mFe_AES, mMg_AES, mMn_AES, mNi_AES, mPb_AES, mS_AES, mSc_AES, mSi_AES, mZn_AES. Созданы поля MS: mAg_MS, mAl_MS, mAu_MS, mCa_MS, mCd_MS, mCl_MS, mCo_MS, mCu_MS, mFe_MS, mHg_MS, mIr_MS, mK_MS, mMn_MS, mMo_MS, mNi_MS, mOs_MS, mPb_MS, mPd_MS, mPt_MS, mRh_MS, mRu_MS, mS_MS, mZn_MS
2026-03-10 14:59:33,196 - INFO - Recalculated dependent fields: Пересчет зависимых полей: обновлена 'Масса твердого (g)' у 1235 проб, обновлена 'Плотность' у 443 проб
2026-03-10 15:02:35,235 - INFO - Normalized 173 probe IDs: Обновлено 173 ID проб
2026-03-10 15:02:35,689 - INFO - Normalized structure: added 11154 fields
2026-03-10 15:02:37,250 - INFO - Recalculated metal mass: Перерасчет массы металлов: жидких проб: 170, твердых проб: 238, полей mX_AES: 5712, полей mX_MS: 9384. Созданы поля AES: mAl_AES, mCa_AES, mCd_AES, mCo_AES, mCu_AES, mFe_AES, mMg_AES, mMn_AES, mNi_AES, mPb_AES, mS_AES, mSc_AES, mSi_AES, mZn_AES. Созданы поля MS: mAg_MS, mAl_MS, mAu_MS, mCa_MS, mCd_MS, mCl_MS, mCo_MS, mCu_MS, mFe_MS, mHg_MS, mIr_MS, mK_MS, mMn_MS, mMo_MS, mNi_MS, mOs_MS, mPb_MS, mPd_MS, mPt_MS, mRh_MS, mRu_MS, mS_MS, mZn_MS
2026-03-10 15:02:38,921 - INFO - Recalculated dependent fields: Пересчет зависимых полей: обновлена 'Масса твердого (g)' у 1301 проб, обновлена 'Плотность' у 448 проб
2026-03-10 15:02:42,356 - INFO - Recalculated metal mass: Перерасчет массы металлов: жидких проб: 170, твердых проб: 238, полей mX_AES: 5712, полей mX_MS: 9384. Созданы поля AES: mAl_AES, mCa_AES, mCd_AES, mCo_AES, mCu_AES, mFe_AES, mMg_AES, mMn_AES, mNi_AES, mPb_AES, mS_AES, mSc_AES, mSi_AES, mZn_AES. Созданы поля MS: mAg_MS, mAl_MS, mAu_MS, mCa_MS, mCd_MS, mCl_MS, mCo_MS, mCu_MS, mFe_MS, mHg_MS, mIr_MS, mK_MS, mMn_MS, mMo_MS, mNi_MS, mOs_MS, mPb_MS, mPd_MS, mPt_MS, mRh_MS, mRu_MS, mS_MS, mZn_MS
2026-03-10 15:02:44,085 - INFO - Recalculated dependent fields: Пересчет зависимых полей: обновлена 'Масса твердого (g)' у 1301 проб, обновлена 'Плотность' у 448 проб
2026-03-10 15:06:58,158 - INFO - Recalculated metal mass: Перерасчет массы металлов: жидких проб: 170, твердых проб: 238, полей mX_AES: 5712, полей mX_MS: 9384. Созданы поля AES: mAl_AES, mCa_AES, mCd_AES, mCo_AES, mCu_AES, mFe_AES, mMg_AES, mMn_AES, mNi_AES, mPb_AES, mS_AES, mSc_AES, mSi_AES, mZn_AES. Созданы поля MS: mAg_MS, mAl_MS, mAu_MS, mCa_MS, mCd_MS, mCl_MS, mCo_MS, mCu_MS, mFe_MS, mHg_MS, mIr_MS, mK_MS, mMn_MS, mMo_MS, mNi_MS, mOs_MS, mPb_MS, mPd_MS, mPt_MS, mRh_MS, mRu_MS, mS_MS, mZn_MS
2026-03-10 15:06:59,869 - INFO - Recalculated dependent fields: Пересчет зависимых полей: обновлена 'Масса твердого (g)' у 1301 проб, обновлена 'Плотность' у 448 проб
2026-03-10 16:00:38,485 - INFO - Normalized 225 probe IDs: Обновлено 225 ID проб
2026-03-10 16:00:38,984 - INFO - Normalized structure: added 171 fields
2026-03-10 16:00:40,895 - INFO - Recalculated metal mass: Перерасчет массы металлов: жидких проб: 170, твердых проб: 238, полей mX_AES: 5712, полей mX_MS: 9384. Созданы поля AES: mAl_AES, mCa_AES, mCd_AES, mCo_AES, mCu_AES, mFe_AES, mMg_AES, mMn_AES, mNi_AES, mPb_AES, mS_AES, mSc_AES, mSi_AES, mZn_AES. Созданы поля MS: mAg_MS, mAl_MS, mAu_MS, mCa_MS, mCd_MS, mCl_MS, mCo_MS, mCu_MS, mFe_MS, mHg_MS, mIr_MS, mK_MS, mMn_MS, mMo_MS, mNi_MS, mOs_MS, mPb_MS, mPd_MS, mPt_MS, mRh_MS, mRu_MS, mS_MS, mZn_MS
2026-03-10 16:00:42,855 - INFO - Recalculated dependent fields: Пересчет зависимых полей: обновлена 'Масса твердого (g)' у 1302 проб, обновлена 'Плотность' у 448 проб
2026-03-10 16:00:52,127 - INFO - Recalculated metal mass: Перерасчет массы металлов: жидких проб: 170, твердых проб: 238, полей mX_AES: 5712, полей mX_MS: 9384. Созданы поля AES: mAl_AES, mCa_AES, mCd_AES, mCo_AES, mCu_AES, mFe_AES, mMg_AES, mMn_AES, mNi_AES, mPb_AES, mS_AES, mSc_AES, mSi_AES, mZn_AES. Созданы поля MS: mAg_MS, mAl_MS, mAu_MS, mCa_MS, mCd_MS, mCl_MS, mCo_MS, mCu_MS, mFe_MS, mHg_MS, mIr_MS, mK_MS, mMn_MS, mMo_MS, mNi_MS, mOs_MS, mPb_MS, mPd_MS, mPt_MS, mRh_MS, mRu_MS, mS_MS, mZn_MS
2026-03-10 16:00:53,649 - INFO - Recalculated dependent fields: Пересчет зависимых полей: обновлена 'Масса твердого (g)' у 1302 проб, обновлена 'Плотность' у 448 проб
2026-03-10 16:00:59,603 - INFO - Recalculated metal mass: Перерасчет массы металлов: жидких проб: 170, твердых проб: 238, полей mX_AES: 5712, полей mX_MS: 9384. Созданы поля AES: mAl_AES, mCa_AES, mCd_AES, mCo_AES, mCu_AES, mFe_AES, mMg_AES, mMn_AES, mNi_AES, mPb_AES, mS_AES, mSc_AES, mSi_AES, mZn_AES. Созданы поля MS: mAg_MS, mAl_MS, mAu_MS, mCa_MS, mCd_MS, mCl_MS, mCo_MS, mCu_MS, mFe_MS, mHg_MS, mIr_MS, mK_MS, mMn_MS, mMo_MS, mNi_MS, mOs_MS, mPb_MS, mPd_MS, mPt_MS, mRh_MS, mRu_MS, mS_MS, mZn_MS
2026-03-10 16:01:01,125 - INFO - Recalculated dependent fields: Пересчет зависимых полей: обновлена 'Масса твердого (g)' у 1302 проб, обновлена 'Плотность' у 448 проб
2026-03-10 16:01:08,776 - INFO - Recalculated metal mass: Перерасчет массы металлов: жидких проб: 170, твердых проб: 238, полей mX_AES: 5712, полей mX_MS: 9384. Созданы поля AES: mAl_AES, mCa_AES, mCd_AES, mCo_AES, mCu_AES, mFe_AES, mMg_AES, mMn_AES, mNi_AES, mPb_AES, mS_AES, mSc_AES, mSi_AES, mZn_AES. Созданы поля MS: mAg_MS, mAl_MS, mAu_MS, mCa_MS, mCd_MS, mCl_MS, mCo_MS, mCu_MS, mFe_MS, mHg_MS, mIr_MS, mK_MS, mMn_MS, mMo_MS, mNi_MS, mOs_MS, mPb_MS, mPd_MS, mPt_MS, mRh_MS, mRu_MS, mS_MS, mZn_MS
2026-03-10 16:01:10,299 - INFO - Recalculated dependent fields: Пересчет зависимых полей: обновлена 'Масса твердого (g)' у 1302 проб, обновлена 'Плотность' у 448 проб
2026-03-11 20:13:14,936 - INFO - Recalculated metal mass: Перерасчет массы металлов: жидких проб: 170, твердых проб: 238, полей mX_AES: 5712, полей mX_MS: 9384. Созданы поля AES: mAl_AES, mCa_AES, mCd_AES, mCo_AES, mCu_AES, mFe_AES, mMg_AES, mMn_AES, mNi_AES, mPb_AES, mS_AES, mSc_AES, mSi_AES, mZn_AES. Созданы поля MS: mAg_MS, mAl_MS, mAu_MS, mCa_MS, mCd_MS, mCl_MS, mCo_MS, mCu_MS, mFe_MS, mHg_MS, mIr_MS, mK_MS, mMn_MS, mMo_MS, mNi_MS, mOs_MS, mPb_MS, mPd_MS, mPt_MS, mRh_MS, mRu_MS, mS_MS, mZn_MS
2026-03-11 20:13:16,924 - INFO - Recalculated dependent fields: Пересчет зависимых полей: обновлена 'Масса твердого (g)' у 1302 проб, обновлена 'Плотность' у 448 проб
2026-03-11 20:13:18,644 - INFO - Formatted numeric values: Отформатировано 245677 числовых значений в 1306 пробах до 4 знаков
2026-03-11 20:13:35,230 - INFO - Normalized 24 probe IDs: Обновлено 24 ID проб
2026-03-11 20:13:35,703 - INFO - Normalized structure: added 354 fields
2026-03-11 20:13:37,573 - INFO - Recalculated metal mass: Перерасчет массы металлов: жидких проб: 170, твердых проб: 240, полей mX_AES: 5740, полей mX_MS: 9430. Созданы поля AES: mAl_AES, mCa_AES, mCd_AES, mCo_AES, mCu_AES, mFe_AES, mMg_AES, mMn_AES, mNi_AES, mPb_AES, mS_AES, mSc_AES, mSi_AES, mZn_AES. Созданы поля MS: mAg_MS, mAl_MS, mAu_MS, mCa_MS, mCd_MS, mCl_MS, mCo_MS, mCu_MS, mFe_MS, mHg_MS, mIr_MS, mK_MS, mMn_MS, mMo_MS, mNi_MS, mOs_MS, mPb_MS, mPd_MS, mPt_MS, mRh_MS, mRu_MS, mS_MS, mZn_MS
2026-03-11 20:13:39,568 - INFO - Recalculated dependent fields: Пересчет зависимых полей: обновлена 'Масса твердого (g)' у 1304 проб, обновлена 'Плотность' у 448 проб
2026-03-11 20:13:54,062 - INFO - Normalized 24 probe IDs: Обновлено 24 ID проб
2026-03-11 20:13:56,462 - INFO - Recalculated metal mass: Перерасчет массы металлов: жидких проб: 170, твердых проб: 240, полей mX_AES: 5740, полей mX_MS: 9430. Созданы поля AES: mAl_AES, mCa_AES, mCd_AES, mCo_AES, mCu_AES, mFe_AES, mMg_AES, mMn_AES, mNi_AES, mPb_AES, mS_AES, mSc_AES, mSi_AES, mZn_AES. Созданы поля MS: mAg_MS, mAl_MS, mAu_MS, mCa_MS, mCd_MS, mCl_MS, mCo_MS, mCu_MS, mFe_MS, mHg_MS, mIr_MS, mK_MS, mMn_MS, mMo_MS, mNi_MS, mOs_MS, mPb_MS, mPd_MS, mPt_MS, mRh_MS, mRu_MS, mS_MS, mZn_MS
2026-03-11 20:13:58,575 - INFO - Recalculated dependent fields: Пересчет зависимых полей: обновлена 'Масса твердого (g)' у 1304 проб, обновлена 'Плотность' у 448 проб
2026-03-11 20:14:25,590 - INFO - Normalized 37 probe IDs: Обновлено 37 ID проб
2026-03-11 20:14:28,220 - INFO - Recalculated metal mass: Перерасчет массы металлов: жидких проб: 170, твердых проб: 240, полей mX_AES: 5740, полей mX_MS: 9430. Созданы поля AES: mAl_AES, mCa_AES, mCd_AES, mCo_AES, mCu_AES, mFe_AES, mMg_AES, mMn_AES, mNi_AES, mPb_AES, mS_AES, mSc_AES, mSi_AES, mZn_AES. Созданы поля MS: mAg_MS, mAl_MS, mAu_MS, mCa_MS, mCd_MS, mCl_MS, mCo_MS, mCu_MS, mFe_MS, mHg_MS, mIr_MS, mK_MS, mMn_MS, mMo_MS, mNi_MS, mOs_MS, mPb_MS, mPd_MS, mPt_MS, mRh_MS, mRu_MS, mS_MS, mZn_MS
2026-03-11 20:14:30,408 - INFO - Recalculated dependent fields: Пересчет зависимых полей: обновлена 'Масса твердого (g)' у 1304 проб, обновлена 'Плотность' у 448 проб
2026-03-11 20:14:49,300 - INFO - Normalized 35 probe IDs: Обновлено 35 ID проб
2026-03-11 20:14:49,769 - INFO - Normalized structure: added 504 fields
2026-03-11 20:14:51,820 - INFO - Recalculated metal mass: Перерасчет массы металлов: жидких проб: 170, твердых проб: 240, полей mX_AES: 5740, полей mX_MS: 9430. Созданы поля AES: mAl_AES, mCa_AES, mCd_AES, mCo_AES, mCu_AES, mFe_AES, mMg_AES, mMn_AES, mNi_AES, mPb_AES, mS_AES, mSc_AES, mSi_AES, mZn_AES. Созданы поля MS: mAg_MS, mAl_MS, mAu_MS, mCa_MS, mCd_MS, mCl_MS, mCo_MS, mCu_MS, mFe_MS, mHg_MS, mIr_MS, mK_MS, mMn_MS, mMo_MS, mNi_MS, mOs_MS, mPb_MS, mPd_MS, mPt_MS, mRh_MS, mRu_MS, mS_MS, mZn_MS
2026-03-11 20:14:53,946 - INFO - Recalculated dependent fields: Пересчет зависимых полей: обновлена 'Масса твердого (g)' у 1307 проб, обновлена 'Плотность' у 448 проб
2026-03-11 21:01:46,121 - INFO - Recalculated metal mass: Перерасчет массы металлов: жидких проб: 170, твердых проб: 240, полей mX_AES: 5740, полей mX_MS: 9430. Созданы поля AES: mAl_AES, mCa_AES, mCd_AES, mCo_AES, mCu_AES, mFe_AES, mMg_AES, mMn_AES, mNi_AES, mPb_AES, mS_AES, mSc_AES, mSi_AES, mZn_AES. Созданы поля MS: mAg_MS, mAl_MS, mAu_MS, mCa_MS, mCd_MS, mCl_MS, mCo_MS, mCu_MS, mFe_MS, mHg_MS, mIr_MS, mK_MS, mMn_MS, mMo_MS, mNi_MS, mOs_MS, mPb_MS, mPd_MS, mPt_MS, mRh_MS, mRu_MS, mS_MS, mZn_MS
2026-03-11 21:01:47,900 - INFO - Recalculated dependent fields: Пересчет зависимых полей: обновлена 'Масса твердого (g)' у 1307 проб, обновлена 'Плотность' у 448 проб
2026-03-11 21:02:02,200 - INFO - Recalculated metal mass: Перерасчет массы металлов: жидких проб: 170, твердых проб: 240, полей mX_AES: 5740, полей mX_MS: 9430. Созданы поля AES: mAl_AES, mCa_AES, mCd_AES, mCo_AES, mCu_AES, mFe_AES, mMg_AES, mMn_AES, mNi_AES, mPb_AES, mS_AES, mSc_AES, mSi_AES, mZn_AES. Созданы поля MS: mAg_MS, mAl_MS, mAu_MS, mCa_MS, mCd_MS, mCl_MS, mCo_MS, mCu_MS, mFe_MS, mHg_MS, mIr_MS, mK_MS, mMn_MS, mMo_MS, mNi_MS, mOs_MS, mPb_MS, mPd_MS, mPt_MS, mRh_MS, mRu_MS, mS_MS, mZn_MS
2026-03-11 21:02:03,788 - INFO - Recalculated dependent fields: Пересчет зависимых полей: обновлена 'Масса твердого (g)' у 1307 проб, обновлена 'Плотность' у 448 проб
2026-03-11 21:03:47,562 - INFO - Normalized 61 probe IDs: Обновлено 61 ID проб
2026-03-11 21:03:48,089 - INFO - Normalized structure: added 7137 fields
2026-03-11 21:03:50,199 - INFO - Recalculated metal mass: Перерасчет массы металлов: жидких проб: 171, твердых проб: 242, полей mX_AES: 5782, полей mX_MS: 9499. Созданы поля AES: mAl_AES, mCa_AES, mCd_AES, mCo_AES, mCu_AES, mFe_AES, mMg_AES, mMn_AES, mNi_AES, mPb_AES, mS_AES, mSc_AES, mSi_AES, mZn_AES. Созданы поля MS: mAg_MS, mAl_MS, mAu_MS, mCa_MS, mCd_MS, mCl_MS, mCo_MS, mCu_MS, mFe_MS, mHg_MS, mIr_MS, mK_MS, mMn_MS, mMo_MS, mNi_MS, mOs_MS, mPb_MS, mPd_MS, mPt_MS, mRh_MS, mRu_MS, mS_MS, mZn_MS
2026-03-11 21:03:52,506 - INFO - Recalculated dependent fields: Пересчет зависимых полей: обновлена 'Масса твердого (g)' у 1346 проб, обновлена 'Плотность' у 449 проб
2026-03-11 21:04:45,338 - INFO - Normalized 24 probe IDs: Обновлено 24 ID проб
2026-03-11 21:04:47,918 - INFO - Recalculated metal mass: Перерасчет массы металлов: жидких проб: 171, твердых проб: 244, полей mX_AES: 5810, полей mX_MS: 9545. Созданы поля AES: mAl_AES, mCa_AES, mCd_AES, mCo_AES, mCu_AES, mFe_AES, mMg_AES, mMn_AES, mNi_AES, mPb_AES, mS_AES, mSc_AES, mSi_AES, mZn_AES. Созданы поля MS: mAg_MS, mAl_MS, mAu_MS, mCa_MS, mCd_MS, mCl_MS, mCo_MS, mCu_MS, mFe_MS, mHg_MS, mIr_MS, mK_MS, mMn_MS, mMo_MS, mNi_MS, mOs_MS, mPb_MS, mPd_MS, mPt_MS, mRh_MS, mRu_MS, mS_MS, mZn_MS
2026-03-11 21:04:50,047 - INFO - Recalculated dependent fields: Пересчет зависимых полей: обновлена 'Масса твердого (g)' у 1346 проб, обновлена 'Плотность' у 449 проб
2026-03-11 21:05:28,139 - INFO - Normalized 45 probe IDs: Обновлено 45 ID проб
2026-03-11 21:05:28,783 - INFO - Normalized structure: added 915 fields
2026-03-11 21:05:30,972 - INFO - Recalculated metal mass: Перерасчет массы металлов: жидких проб: 171, твердых проб: 244, полей mX_AES: 5810, полей mX_MS: 9545. Созданы поля AES: mAl_AES, mCa_AES, mCd_AES, mCo_AES, mCu_AES, mFe_AES, mMg_AES, mMn_AES, mNi_AES, mPb_AES, mS_AES, mSc_AES, mSi_AES, mZn_AES. Созданы поля MS: mAg_MS, mAl_MS, mAu_MS, mCa_MS, mCd_MS, mCl_MS, mCo_MS, mCu_MS, mFe_MS, mHg_MS, mIr_MS, mK_MS, mMn_MS, mMo_MS, mNi_MS, mOs_MS, mPb_MS, mPd_MS, mPt_MS, mRh_MS, mRu_MS, mS_MS, mZn_MS
2026-03-11 21:05:33,271 - INFO - Recalculated dependent fields: Пересчет зависимых полей: обновлена 'Масса твердого (g)' у 1351 проб, обновлена 'Плотность' у 451 проб
2026-03-11 21:05:50,453 - INFO - Recalculated metal mass: Перерасчет массы металлов: жидких проб: 171, твердых проб: 244, полей mX_AES: 5810, полей mX_MS: 9545. Созданы поля AES: mAl_AES, mCa_AES, mCd_AES, mCo_AES, mCu_AES, mFe_AES, mMg_AES, mMn_AES, mNi_AES, mPb_AES, mS_AES, mSc_AES, mSi_AES, mZn_AES. Созданы поля MS: mAg_MS, mAl_MS, mAu_MS, mCa_MS, mCd_MS, mCl_MS, mCo_MS, mCu_MS, mFe_MS, mHg_MS, mIr_MS, mK_MS, mMn_MS, mMo_MS, mNi_MS, mOs_MS, mPb_MS, mPd_MS, mPt_MS, mRh_MS, mRu_MS, mS_MS, mZn_MS
2026-03-11 21:05:52,622 - INFO - Recalculated dependent fields: Пересчет зависимых полей: обновлена 'Масса твердого (g)' у 1351 проб, обновлена 'Плотность' у 451 проб
2026-03-11 21:05:58,399 - INFO - Recalculated metal mass: Перерасчет массы металлов: жидких проб: 171, твердых проб: 244, полей mX_AES: 5810, полей mX_MS: 9545. Созданы поля AES: mAl_AES, mCa_AES, mCd_AES, mCo_AES, mCu_AES, mFe_AES, mMg_AES, mMn_AES, mNi_AES, mPb_AES, mS_AES, mSc_AES, mSi_AES, mZn_AES. Созданы поля MS: mAg_MS, mAl_MS, mAu_MS, mCa_MS, mCd_MS, mCl_MS, mCo_MS, mCu_MS, mFe_MS, mHg_MS, mIr_MS, mK_MS, mMn_MS, mMo_MS, mNi_MS, mOs_MS, mPb_MS, mPd_MS, mPt_MS, mRh_MS, mRu_MS, mS_MS, mZn_MS
2026-03-11 21:06:00,184 - INFO - Recalculated dependent fields: Пересчет зависимых полей: обновлена 'Масса твердого (g)' у 1351 проб, обновлена 'Плотность' у 451 проб
2026-03-11 21:08:44,762 - INFO - Recalculated metal mass: Перерасчет массы металлов: жидких проб: 171, твердых проб: 244, полей mX_AES: 5810, полей mX_MS: 9545. Созданы поля AES: mAl_AES, mCa_AES, mCd_AES, mCo_AES, mCu_AES, mFe_AES, mMg_AES, mMn_AES, mNi_AES, mPb_AES, mS_AES, mSc_AES, mSi_AES, mZn_AES. Созданы поля MS: mAg_MS, mAl_MS, mAu_MS, mCa_MS, mCd_MS, mCl_MS, mCo_MS, mCu_MS, mFe_MS, mHg_MS, mIr_MS, mK_MS, mMn_MS, mMo_MS, mNi_MS, mOs_MS, mPb_MS, mPd_MS, mPt_MS, mRh_MS, mRu_MS, mS_MS, mZn_MS
2026-03-11 21:08:46,459 - INFO - Recalculated dependent fields: Пересчет зависимых полей: обновлена 'Масса твердого (g)' у 1351 проб, обновлена 'Плотность' у 451 проб
2026-03-11 21:16:59,979 - INFO - Normalized 5 probe IDs: Обновлено 5 ID проб
2026-03-11 21:17:02,659 - INFO - Recalculated metal mass: Перерасчет массы металлов: жидких проб: 171, твердых проб: 244, полей mX_AES: 5810, полей mX_MS: 9545. Созданы поля AES: mAl_AES, mCa_AES, mCd_AES, mCo_AES, mCu_AES, mFe_AES, mMg_AES, mMn_AES, mNi_AES, mPb_AES, mS_AES, mSc_AES, mSi_AES, mZn_AES. Созданы поля MS: mAg_MS, mAl_MS, mAu_MS, mCa_MS, mCd_MS, mCl_MS, mCo_MS, mCu_MS, mFe_MS, mHg_MS, mIr_MS, mK_MS, mMn_MS, mMo_MS, mNi_MS, mOs_MS, mPb_MS, mPd_MS, mPt_MS, mRh_MS, mRu_MS, mS_MS, mZn_MS
2026-03-11 21:17:04,021 - INFO - Recalculated dependent fields: Пересчет зависимых полей: обновлена 'Масса твердого (g)' у 1351 проб, обновлена 'Плотность' у 451 проб
2026-03-11 21:40:21,271 - INFO - Normalized 21 probe IDs: Обновлено 21 ID проб
2026-03-11 21:40:23,853 - INFO - Recalculated metal mass: Перерасчет массы металлов: жидких проб: 171, твердых проб: 244, полей mX_AES: 5810, полей mX_MS: 9545. Созданы поля AES: mAl_AES, mCa_AES, mCd_AES, mCo_AES, mCu_AES, mFe_AES, mMg_AES, mMn_AES, mNi_AES, mPb_AES, mS_AES, mSc_AES, mSi_AES, mZn_AES. Созданы поля MS: mAg_MS, mAl_MS, mAu_MS, mCa_MS, mCd_MS, mCl_MS, mCo_MS, mCu_MS, mFe_MS, mHg_MS, mIr_MS, mK_MS, mMn_MS, mMo_MS, mNi_MS, mOs_MS, mPb_MS, mPd_MS, mPt_MS, mRh_MS, mRu_MS, mS_MS, mZn_MS
2026-03-11 21:40:25,984 - INFO - Recalculated dependent fields: Пересчет зависимых полей: обновлена 'Масса твердого (g)' у 1351 проб, обновлена 'Плотность' у 451 проб
2026-03-11 21:40:31,371 - INFO - Recalculated metal mass: Перерасчет массы металлов: жидких проб: 171, твердых проб: 244, полей mX_AES: 5810, полей mX_MS: 9545. Созданы поля AES: mAl_AES, mCa_AES, mCd_AES, mCo_AES, mCu_AES, mFe_AES, mMg_AES, mMn_AES, mNi_AES, mPb_AES, mS_AES, mSc_AES, mSi_AES, mZn_AES. Созданы поля MS: mAg_MS, mAl_MS, mAu_MS, mCa_MS, mCd_MS, mCl_MS, mCo_MS, mCu_MS, mFe_MS, mHg_MS, mIr_MS, mK_MS, mMn_MS, mMo_MS, mNi_MS, mOs_MS, mPb_MS, mPd_MS, mPt_MS, mRh_MS, mRu_MS, mS_MS, mZn_MS
2026-03-11 21:40:33,618 - INFO - Recalculated dependent fields: Пересчет зависимых полей: обновлена 'Масса твердого (g)' у 1351 проб, обновлена 'Плотность' у 451 проб
2026-03-11 21:45:05,024 - INFO - Recalculated metal mass: Перерасчет массы металлов: жидких проб: 171, твердых проб: 244, полей mX_AES: 5810, полей mX_MS: 9545. Созданы поля AES: mAl_AES, mCa_AES, mCd_AES, mCo_AES, mCu_AES, mFe_AES, mMg_AES, mMn_AES, mNi_AES, mPb_AES, mS_AES, mSc_AES, mSi_AES, mZn_AES. Созданы поля MS: mAg_MS, mAl_MS, mAu_MS, mCa_MS, mCd_MS, mCl_MS, mCo_MS, mCu_MS, mFe_MS, mHg_MS, mIr_MS, mK_MS, mMn_MS, mMo_MS, mNi_MS, mOs_MS, mPb_MS, mPd_MS, mPt_MS, mRh_MS, mRu_MS, mS_MS, mZn_MS
2026-03-11 21:45:07,084 - INFO - Recalculated dependent fields: Пересчет зависимых полей: обновлена 'Масса твердого (g)' у 1351 проб, обновлена 'Плотность' у 451 проб
2026-03-11 21:45:11,810 - INFO - Recalculated metal mass: Перерасчет массы металлов: жидких проб: 171, твердых проб: 244, полей mX_AES: 5810, полей mX_MS: 9545. Созданы поля AES: mAl_AES, mCa_AES, mCd_AES, mCo_AES, mCu_AES, mFe_AES, mMg_AES, mMn_AES, mNi_AES, mPb_AES, mS_AES, mSc_AES, mSi_AES, mZn_AES. Созданы поля MS: mAg_MS, mAl_MS, mAu_MS, mCa_MS, mCd_MS, mCl_MS, mCo_MS, mCu_MS, mFe_MS, mHg_MS, mIr_MS, mK_MS, mMn_MS, mMo_MS, mNi_MS, mOs_MS, mPb_MS, mPd_MS, mPt_MS, mRh_MS, mRu_MS, mS_MS, mZn_MS
2026-03-11 21:45:13,332 - INFO - Recalculated dependent fields: Пересчет зависимых полей: обновлена 'Масса твердого (g)' у 1351 проб, обновлена 'Плотность' у 451 проб
2026-03-11 21:45:38,394 - INFO - Recalculated metal mass: Перерасчет массы металлов: жидких проб: 171, твердых проб: 244, полей mX_AES: 5810, полей mX_MS: 9545. Созданы поля AES: mAl_AES, mCa_AES, mCd_AES, mCo_AES, mCu_AES, mFe_AES, mMg_AES, mMn_AES, mNi_AES, mPb_AES, mS_AES, mSc_AES, mSi_AES, mZn_AES. Созданы поля MS: mAg_MS, mAl_MS, mAu_MS, mCa_MS, mCd_MS, mCl_MS, mCo_MS, mCu_MS, mFe_MS, mHg_MS, mIr_MS, mK_MS, mMn_MS, mMo_MS, mNi_MS, mOs_MS, mPb_MS, mPd_MS, mPt_MS, mRh_MS, mRu_MS, mS_MS, mZn_MS
2026-03-11 21:45:39,892 - INFO - Recalculated dependent fields: Пересчет зависимых полей: обновлена 'Масса твердого (g)' у 1351 проб, обновлена 'Плотность' у 451 проб
2026-03-11 21:58:07,154 - INFO - Normalized 24 probe IDs: Обновлено 24 ID проб
2026-03-11 21:58:09,620 - INFO - Recalculated metal mass: Перерасчет массы металлов: жидких проб: 171, твердых проб: 244, полей mX_AES: 5810, полей mX_MS: 9545. Созданы поля AES: mAl_AES, mCa_AES, mCd_AES, mCo_AES, mCu_AES, mFe_AES, mMg_AES, mMn_AES, mNi_AES, mPb_AES, mS_AES, mSc_AES, mSi_AES, mZn_AES. Созданы поля MS: mAg_MS, mAl_MS, mAu_MS, mCa_MS, mCd_MS, mCl_MS, mCo_MS, mCu_MS, mFe_MS, mHg_MS, mIr_MS, mK_MS, mMn_MS, mMo_MS, mNi_MS, mOs_MS, mPb_MS, mPd_MS, mPt_MS, mRh_MS, mRu_MS, mS_MS, mZn_MS
2026-03-11 21:58:11,598 - INFO - Recalculated dependent fields: Пересчет зависимых полей: обновлена 'Масса твердого (g)' у 1351 проб, обновлена 'Плотность' у 451 проб
2026-03-11 21:58:15,759 - INFO - Recalculated metal mass: Перерасчет массы металлов: жидких проб: 171, твердых проб: 244, полей mX_AES: 5810, полей mX_MS: 9545. Созданы поля AES: mAl_AES, mCa_AES, mCd_AES, mCo_AES, mCu_AES, mFe_AES, mMg_AES, mMn_AES, mNi_AES, mPb_AES, mS_AES, mSc_AES, mSi_AES, mZn_AES. Созданы поля MS: mAg_MS, mAl_MS, mAu_MS, mCa_MS, mCd_MS, mCl_MS, mCo_MS, mCu_MS, mFe_MS, mHg_MS, mIr_MS, mK_MS, mMn_MS, mMo_MS, mNi_MS, mOs_MS, mPb_MS, mPd_MS, mPt_MS, mRh_MS, mRu_MS, mS_MS, mZn_MS
2026-03-11 21:58:17,916 - INFO - Recalculated dependent fields: Пересчет зависимых полей: обновлена 'Масса твердого (g)' у 1351 проб, обновлена 'Плотность' у 451 проб
